Arguments: 
  D:\nodejs\node.exe D:\nodejs\node_global\node_modules\yarn\bin\yarn.js add bable-plugin-import

PATH: 
  C:\Windows\system32;C:\Windows;C:\Windows\System32\Wbem;C:\Windows\System32\WindowsPowerShell\v1.0\;C:\Windows\System32\OpenSSH\;D:\instal\Git\cmd;D:\nodejs\;D:\nodejs\node_global;%JAVA_HOME%\bin;%JAVA_HOME%\jre\bin;D:\instal\apache-tomcat-9.0.24;C:\Users\br\AppData\Local\Microsoft\WindowsApps;;D:\instal\Microsoft VS Code\bin;C:\Users\br\AppData\Roaming\npm

Yarn version: 
  1.17.3

Node version: 
  10.16.0

Platform: 
  win32 x64

Trace: 
  Error: https://registry.yarnpkg.com/bable-plugin-import: Not found
      at Request.params.callback [as _callback] (D:\nodejs\node_global\node_modules\yarn\lib\cli.js:66830:18)
      at Request.self.callback (D:\nodejs\node_global\node_modules\yarn\lib\cli.js:140464:22)
      at Request.emit (events.js:198:13)
      at Request.<anonymous> (D:\nodejs\node_global\node_modules\yarn\lib\cli.js:141436:10)
      at Request.emit (events.js:198:13)
      at IncomingMessage.<anonymous> (D:\nodejs\node_global\node_modules\yarn\lib\cli.js:141358:12)
      at Object.onceWrapper (events.js:286:20)
      at IncomingMessage.emit (events.js:203:15)
      at endReadableNT (_stream_readable.js:1129:12)
      at process._tickCallback (internal/process/next_tick.js:63:19)

npm manifest: 
  No manifest

yarn manifest: 
  No manifest

Lockfile: 
  No lockfile
